Change Component Footprint: Designator=TP1 Old Footprint=M3 New Footprint=M3x8+6_N
Change Component Footprint: Designator=TP2 Old Footprint=M3 New Footprint=M3x8+6_N
Added Component: Designator=TP3(M3x8+6_N)
Add component (AddParameter): Name = "Add into BOM"; Value = "yes"; VariantName = "[No Variations]"
Add component (AddParameter): Name = "Convert to PCB"; Value = "yes"; VariantName = "[No Variations]"
Add component (AddParameter): Name = "Device"; Value = "M3"; VariantName = "[No Variations]"
Add component (AddParameter): Name = "link"; Value = ""; VariantName = "[No Variations]"
Add component (AddParameter): Name = "Manufacturer"; Value = ""; VariantName = "[No Variations]"
Add component (AddParameter): Name = "Manufacturer Part"; Value = ""; VariantName = "[No Variations]"
Add component (AddParameter): Name = "Name"; Value = ""; VariantName = "[No Variations]"
Add component (AddParameter): Name = "Supplier"; Value = ""; VariantName = "[No Variations]"
Add component (AddParameter): Name = "Supplier Part"; Value = ""; VariantName = "[No Variations]"
Add component (AddParameter): Name = "Symbol"; Value = "M3"; VariantName = "[No Variations]"
Added Component: Designator=TP4(M3x8+6_N)
Add component (AddParameter): Name = "Add into BOM"; Value = "yes"; VariantName = "[No Variations]"
Add component (AddParameter): Name = "Convert to PCB"; Value = "yes"; VariantName = "[No Variations]"
Add component (AddParameter): Name = "Device"; Value = "M3"; VariantName = "[No Variations]"
Add component (AddParameter): Name = "link"; Value = ""; VariantName = "[No Variations]"
Add component (AddParameter): Name = "Manufacturer"; Value = ""; VariantName = "[No Variations]"
Add component (AddParameter): Name = "Manufacturer Part"; Value = ""; VariantName = "[No Variations]"
Add component (AddParameter): Name = "Name"; Value = ""; VariantName = "[No Variations]"
Add component (AddParameter): Name = "Supplier"; Value = ""; VariantName = "[No Variations]"
Add component (AddParameter): Name = "Supplier Part"; Value = ""; VariantName = "[No Variations]"
Add component (AddParameter): Name = "Symbol"; Value = "M3"; VariantName = "[No Variations]"
Added Member To Class: ClassName=PCB方案验证板  12V5A 60Wascii Member=Component TP3
Added Member To Class: ClassName=PCB方案验证板  12V5A 60Wascii Member=Component TP4
Added Room: Name=PCB方案验证板  12V5A 60Wascii
